[2025-12-05 12:21:47] producion.ERROR: Please provide a valid cache path. {"exception":"[object] (InvalidArgumentException(code: 0): Please provide a valid cache path. at C:\\Users\\javier\\Desktop\\Trabajo\\Porta_folio-12.4\\vendor\\laravel\\framework\\src\\Illuminate\\View\\Compilers\\Compiler.php:75)
[stacktrace]
#0 C:\\Users\\javier\\Desktop\\Trabajo\\Porta_folio-12.4\\vendor\\laravel\\framework\\src\\Illuminate\\View\\ViewServiceProvider.php(97): Illuminate\\View\\Compilers\\Compiler->__construct(Object(Illuminate\\Filesystem\\Filesystem), false, '', true, 'php', true)
#1 C:\\Users\\javier\\Desktop\\Trabajo\\Porta_folio-12.4\\vendor\\laravel\\framework\\src\\Illuminate\\Container\\Container.php(1125): Illuminate\\View\\ViewServiceProvider->{closure:Illuminate\\View\\ViewServiceProvider::registerBladeCompiler():96}(Object(Illuminate\\Foundation\\Application), Array)
#2 C:\\Users\\javier\\Desktop\\Trabajo\\Porta_folio-12.4\\vendor\\laravel\\framework\\src\\Illuminate\\Container\\Container.php(943): Illuminate\\Container\\Container->build(Object(Closure))
#3 C:\\Users\\javier\\Desktop\\Trabajo\\Porta_folio-12.4\\vendor\\laravel\\framework\\src\\Illuminate\\Foundation\\Application.php(1078): Illuminate\\Container\\Container->resolve('blade.compiler', Array, true)
#4 C:\\Users\\javier\\Desktop\\Trabajo\\Porta_folio-12.4\\vendor\\laravel\\framework\\src\\Illuminate\\Container\\Container.php(874): Illuminate\\Foundation\\Application->resolve('blade.compiler', Array)
#5 C:\\Users\\javier\\Desktop\\Trabajo\\Porta_folio-12.4\\vendor\\laravel\\framework\\src\\Illuminate\\Foundation\\Application.php(1058): Illuminate\\Container\\Container->make('blade.compiler', Array)
#6 C:\\Users\\javier\\Desktop\\Trabajo\\Porta_folio-12.4\\vendor\\laravel\\framework\\src\\Illuminate\\Container\\Container.php(1827): Illuminate\\Foundation\\Application->make('blade.compiler')
#7 C:\\Users\\javier\\Desktop\\Trabajo\\Porta_folio-12.4\\vendor\\laravel\\framework\\src\\Illuminate\\Support\\Facades\\Facade.php(240): Illuminate\\Container\\Container->offsetGet('blade.compiler')
#8 C:\\Users\\javier\\Desktop\\Trabajo\\Porta_folio-12.4\\vendor\\laravel\\framework\\src\\Illuminate\\Support\\Facades\\Facade.php(211): Illuminate\\Support\\Facades\\Facade::resolveFacadeInstance('blade.compiler')
#9 C:\\Users\\javier\\Desktop\\Trabajo\\Porta_folio-12.4\\vendor\\laravel\\framework\\src\\Illuminate\\Support\\Facades\\Facade.php(357): Illuminate\\Support\\Facades\\Facade::getFacadeRoot()
#10 C:\\Users\\javier\\Desktop\\Trabajo\\Porta_folio-12.4\\vendor\\livewire\\livewire\\src\\Mechanisms\\FrontendAssets\\FrontendAssets.php(30): Illuminate\\Support\\Facades\\Facade::__callStatic('directive', Array)
#11 C:\\Users\\javier\\Desktop\\Trabajo\\Porta_folio-12.4\\vendor\\livewire\\livewire\\src\\LivewireServiceProvider.php(77): Livewire\\Mechanisms\\FrontendAssets\\FrontendAssets->boot()
#12 C:\\Users\\javier\\Desktop\\Trabajo\\Porta_folio-12.4\\vendor\\livewire\\livewire\\src\\LivewireServiceProvider.php(19): Livewire\\LivewireServiceProvider->bootMechanisms()
#13 C:\\Users\\javier\\Desktop\\Trabajo\\Porta_folio-12.4\\vendor\\laravel\\framework\\src\\Illuminate\\Container\\BoundMethod.php(36): Livewire\\LivewireServiceProvider->boot()
#14 C:\\Users\\javier\\Desktop\\Trabajo\\Porta_folio-12.4\\vendor\\laravel\\framework\\src\\Illuminate\\Container\\Util.php(43): Illuminate\\Container\\BoundMethod::{closure:Illuminate\\Container\\BoundMethod::call():35}()
#15 C:\\Users\\javier\\Desktop\\Trabajo\\Porta_folio-12.4\\vendor\\laravel\\framework\\src\\Illuminate\\Container\\BoundMethod.php(96): Illuminate\\Container\\Util::unwrapIfClosure(Object(Closure))
#16 C:\\Users\\javier\\Desktop\\Trabajo\\Porta_folio-12.4\\vendor\\laravel\\framework\\src\\Illuminate\\Container\\BoundMethod.php(35): Illuminate\\Container\\BoundMethod::callBoundMethod(Object(Illuminate\\Foundation\\Application), Array, Object(Closure))
#17 C:\\Users\\javier\\Desktop\\Trabajo\\Porta_folio-12.4\\vendor\\laravel\\framework\\src\\Illuminate\\Container\\Container.php(807): Illuminate\\Container\\BoundMethod::call(Object(Illuminate\\Foundation\\Application), Array, Array, NULL)
#18 C:\\Users\\javier\\Desktop\\Trabajo\\Porta_folio-12.4\\vendor\\laravel\\framework\\src\\Illuminate\\Foundation\\Application.php(1151): Illuminate\\Container\\Container->call(Array)
#19 C:\\Users\\javier\\Desktop\\Trabajo\\Porta_folio-12.4\\vendor\\laravel\\framework\\src\\Illuminate\\Foundation\\Application.php(1132): Illuminate\\Foundation\\Application->bootProvider(Object(Livewire\\LivewireServiceProvider))
#20 [internal function]: Illuminate\\Foundation\\Application->{closure:Illuminate\\Foundation\\Application::boot():1131}(Object(Livewire\\LivewireServiceProvider), 'Livewire\\\\Livewi...')
#21 C:\\Users\\javier\\Desktop\\Trabajo\\Porta_folio-12.4\\vendor\\laravel\\framework\\src\\Illuminate\\Foundation\\Application.php(1131): array_walk(Array, Object(Closure))
#22 C:\\Users\\javier\\Desktop\\Trabajo\\Porta_folio-12.4\\vendor\\laravel\\framework\\src\\Illuminate\\Foundation\\Bootstrap\\BootProviders.php(17): Illuminate\\Foundation\\Application->boot()
#23 C:\\Users\\javier\\Desktop\\Trabajo\\Porta_folio-12.4\\vendor\\laravel\\framework\\src\\Illuminate\\Foundation\\Application.php(342): Illuminate\\Foundation\\Bootstrap\\BootProviders->bootstrap(Object(Illuminate\\Foundation\\Application))
#24 C:\\Users\\javier\\Desktop\\Trabajo\\Porta_folio-12.4\\vendor\\laravel\\framework\\src\\Illuminate\\Foundation\\Console\\Kernel.php(473): Illuminate\\Foundation\\Application->bootstrapWith(Array)
#25 C:\\Users\\javier\\Desktop\\Trabajo\\Porta_folio-12.4\\vendor\\laravel\\framework\\src\\Illuminate\\Foundation\\Console\\Kernel.php(195): Illuminate\\Foundation\\Console\\Kernel->bootstrap()
#26 C:\\Users\\javier\\Desktop\\Trabajo\\Porta_folio-12.4\\vendor\\laravel\\framework\\src\\Illuminate\\Foundation\\Application.php(1235): Illuminate\\Foundation\\Console\\Kernel->handle(Object(Symfony\\Component\\Console\\Input\\ArgvInput), Object(Symfony\\Component\\Console\\Output\\ConsoleOutput))
#27 C:\\Users\\javier\\Desktop\\Trabajo\\Porta_folio-12.4\\artisan(16): Illuminate\\Foundation\\Application->handleCommand(Object(Symfony\\Component\\Console\\Input\\ArgvInput))
#28 {main}
"} 
[2025-12-05 12:22:31] producion.ERROR: Please provide a valid cache path. {"exception":"[object] (InvalidArgumentException(code: 0): Please provide a valid cache path. at C:\\Users\\javier\\Desktop\\Trabajo\\Porta_folio-12.4\\vendor\\laravel\\framework\\src\\Illuminate\\View\\Compilers\\Compiler.php:75)
[stacktrace]
#0 C:\\Users\\javier\\Desktop\\Trabajo\\Porta_folio-12.4\\vendor\\laravel\\framework\\src\\Illuminate\\View\\ViewServiceProvider.php(97): Illuminate\\View\\Compilers\\Compiler->__construct(Object(Illuminate\\Filesystem\\Filesystem), false, '', true, 'php', true)
#1 C:\\Users\\javier\\Desktop\\Trabajo\\Porta_folio-12.4\\vendor\\laravel\\framework\\src\\Illuminate\\Container\\Container.php(1125): Illuminate\\View\\ViewServiceProvider->{closure:Illuminate\\View\\ViewServiceProvider::registerBladeCompiler():96}(Object(Illuminate\\Foundation\\Application), Array)
#2 C:\\Users\\javier\\Desktop\\Trabajo\\Porta_folio-12.4\\vendor\\laravel\\framework\\src\\Illuminate\\Container\\Container.php(943): Illuminate\\Container\\Container->build(Object(Closure))
#3 C:\\Users\\javier\\Desktop\\Trabajo\\Porta_folio-12.4\\vendor\\laravel\\framework\\src\\Illuminate\\Foundation\\Application.php(1078): Illuminate\\Container\\Container->resolve('blade.compiler', Array, true)
#4 C:\\Users\\javier\\Desktop\\Trabajo\\Porta_folio-12.4\\vendor\\laravel\\framework\\src\\Illuminate\\Container\\Container.php(874): Illuminate\\Foundation\\Application->resolve('blade.compiler', Array)
#5 C:\\Users\\javier\\Desktop\\Trabajo\\Porta_folio-12.4\\vendor\\laravel\\framework\\src\\Illuminate\\Foundation\\Application.php(1058): Illuminate\\Container\\Container->make('blade.compiler', Array)
#6 C:\\Users\\javier\\Desktop\\Trabajo\\Porta_folio-12.4\\vendor\\laravel\\framework\\src\\Illuminate\\Container\\Container.php(1827): Illuminate\\Foundation\\Application->make('blade.compiler')
#7 C:\\Users\\javier\\Desktop\\Trabajo\\Porta_folio-12.4\\vendor\\laravel\\framework\\src\\Illuminate\\Support\\Facades\\Facade.php(240): Illuminate\\Container\\Container->offsetGet('blade.compiler')
#8 C:\\Users\\javier\\Desktop\\Trabajo\\Porta_folio-12.4\\vendor\\laravel\\framework\\src\\Illuminate\\Support\\Facades\\Facade.php(211): Illuminate\\Support\\Facades\\Facade::resolveFacadeInstance('blade.compiler')
#9 C:\\Users\\javier\\Desktop\\Trabajo\\Porta_folio-12.4\\vendor\\laravel\\framework\\src\\Illuminate\\Support\\Facades\\Facade.php(357): Illuminate\\Support\\Facades\\Facade::getFacadeRoot()
#10 C:\\Users\\javier\\Desktop\\Trabajo\\Porta_folio-12.4\\vendor\\livewire\\livewire\\src\\Mechanisms\\FrontendAssets\\FrontendAssets.php(30): Illuminate\\Support\\Facades\\Facade::__callStatic('directive', Array)
#11 C:\\Users\\javier\\Desktop\\Trabajo\\Porta_folio-12.4\\vendor\\livewire\\livewire\\src\\LivewireServiceProvider.php(77): Livewire\\Mechanisms\\FrontendAssets\\FrontendAssets->boot()
#12 C:\\Users\\javier\\Desktop\\Trabajo\\Porta_folio-12.4\\vendor\\livewire\\livewire\\src\\LivewireServiceProvider.php(19): Livewire\\LivewireServiceProvider->bootMechanisms()
#13 C:\\Users\\javier\\Desktop\\Trabajo\\Porta_folio-12.4\\vendor\\laravel\\framework\\src\\Illuminate\\Container\\BoundMethod.php(36): Livewire\\LivewireServiceProvider->boot()
#14 C:\\Users\\javier\\Desktop\\Trabajo\\Porta_folio-12.4\\vendor\\laravel\\framework\\src\\Illuminate\\Container\\Util.php(43): Illuminate\\Container\\BoundMethod::{closure:Illuminate\\Container\\BoundMethod::call():35}()
#15 C:\\Users\\javier\\Desktop\\Trabajo\\Porta_folio-12.4\\vendor\\laravel\\framework\\src\\Illuminate\\Container\\BoundMethod.php(96): Illuminate\\Container\\Util::unwrapIfClosure(Object(Closure))
#16 C:\\Users\\javier\\Desktop\\Trabajo\\Porta_folio-12.4\\vendor\\laravel\\framework\\src\\Illuminate\\Container\\BoundMethod.php(35): Illuminate\\Container\\BoundMethod::callBoundMethod(Object(Illuminate\\Foundation\\Application), Array, Object(Closure))
#17 C:\\Users\\javier\\Desktop\\Trabajo\\Porta_folio-12.4\\vendor\\laravel\\framework\\src\\Illuminate\\Container\\Container.php(807): Illuminate\\Container\\BoundMethod::call(Object(Illuminate\\Foundation\\Application), Array, Array, NULL)
#18 C:\\Users\\javier\\Desktop\\Trabajo\\Porta_folio-12.4\\vendor\\laravel\\framework\\src\\Illuminate\\Foundation\\Application.php(1151): Illuminate\\Container\\Container->call(Array)
#19 C:\\Users\\javier\\Desktop\\Trabajo\\Porta_folio-12.4\\vendor\\laravel\\framework\\src\\Illuminate\\Foundation\\Application.php(1132): Illuminate\\Foundation\\Application->bootProvider(Object(Livewire\\LivewireServiceProvider))
#20 [internal function]: Illuminate\\Foundation\\Application->{closure:Illuminate\\Foundation\\Application::boot():1131}(Object(Livewire\\LivewireServiceProvider), 'Livewire\\\\Livewi...')
#21 C:\\Users\\javier\\Desktop\\Trabajo\\Porta_folio-12.4\\vendor\\laravel\\framework\\src\\Illuminate\\Foundation\\Application.php(1131): array_walk(Array, Object(Closure))
#22 C:\\Users\\javier\\Desktop\\Trabajo\\Porta_folio-12.4\\vendor\\laravel\\framework\\src\\Illuminate\\Foundation\\Bootstrap\\BootProviders.php(17): Illuminate\\Foundation\\Application->boot()
#23 C:\\Users\\javier\\Desktop\\Trabajo\\Porta_folio-12.4\\vendor\\laravel\\framework\\src\\Illuminate\\Foundation\\Application.php(342): Illuminate\\Foundation\\Bootstrap\\BootProviders->bootstrap(Object(Illuminate\\Foundation\\Application))
#24 C:\\Users\\javier\\Desktop\\Trabajo\\Porta_folio-12.4\\vendor\\laravel\\framework\\src\\Illuminate\\Foundation\\Console\\Kernel.php(473): Illuminate\\Foundation\\Application->bootstrapWith(Array)
#25 C:\\Users\\javier\\Desktop\\Trabajo\\Porta_folio-12.4\\vendor\\laravel\\framework\\src\\Illuminate\\Foundation\\Console\\Kernel.php(195): Illuminate\\Foundation\\Console\\Kernel->bootstrap()
#26 C:\\Users\\javier\\Desktop\\Trabajo\\Porta_folio-12.4\\vendor\\laravel\\framework\\src\\Illuminate\\Foundation\\Application.php(1235): Illuminate\\Foundation\\Console\\Kernel->handle(Object(Symfony\\Component\\Console\\Input\\ArgvInput), Object(Symfony\\Component\\Console\\Output\\ConsoleOutput))
#27 C:\\Users\\javier\\Desktop\\Trabajo\\Porta_folio-12.4\\artisan(16): Illuminate\\Foundation\\Application->handleCommand(Object(Symfony\\Component\\Console\\Input\\ArgvInput))
#28 {main}
"} 
[2025-12-05 12:23:11] producion.ERROR: Please provide a valid cache path. {"exception":"[object] (InvalidArgumentException(code: 0): Please provide a valid cache path. at C:\\Users\\javier\\Desktop\\Trabajo\\Porta_folio-12.4\\vendor\\laravel\\framework\\src\\Illuminate\\View\\Compilers\\Compiler.php:75)
[stacktrace]
#0 C:\\Users\\javier\\Desktop\\Trabajo\\Porta_folio-12.4\\vendor\\laravel\\framework\\src\\Illuminate\\View\\ViewServiceProvider.php(97): Illuminate\\View\\Compilers\\Compiler->__construct(Object(Illuminate\\Filesystem\\Filesystem), false, '', true, 'php', true)
#1 C:\\Users\\javier\\Desktop\\Trabajo\\Porta_folio-12.4\\vendor\\laravel\\framework\\src\\Illuminate\\Container\\Container.php(1125): Illuminate\\View\\ViewServiceProvider->{closure:Illuminate\\View\\ViewServiceProvider::registerBladeCompiler():96}(Object(Illuminate\\Foundation\\Application), Array)
#2 C:\\Users\\javier\\Desktop\\Trabajo\\Porta_folio-12.4\\vendor\\laravel\\framework\\src\\Illuminate\\Container\\Container.php(943): Illuminate\\Container\\Container->build(Object(Closure))
#3 C:\\Users\\javier\\Desktop\\Trabajo\\Porta_folio-12.4\\vendor\\laravel\\framework\\src\\Illuminate\\Foundation\\Application.php(1078): Illuminate\\Container\\Container->resolve('blade.compiler', Array, true)
#4 C:\\Users\\javier\\Desktop\\Trabajo\\Porta_folio-12.4\\vendor\\laravel\\framework\\src\\Illuminate\\Container\\Container.php(874): Illuminate\\Foundation\\Application->resolve('blade.compiler', Array)
#5 C:\\Users\\javier\\Desktop\\Trabajo\\Porta_folio-12.4\\vendor\\laravel\\framework\\src\\Illuminate\\Foundation\\Application.php(1058): Illuminate\\Container\\Container->make('blade.compiler', Array)
#6 C:\\Users\\javier\\Desktop\\Trabajo\\Porta_folio-12.4\\vendor\\laravel\\framework\\src\\Illuminate\\Container\\Container.php(1827): Illuminate\\Foundation\\Application->make('blade.compiler')
#7 C:\\Users\\javier\\Desktop\\Trabajo\\Porta_folio-12.4\\vendor\\laravel\\framework\\src\\Illuminate\\Support\\Facades\\Facade.php(240): Illuminate\\Container\\Container->offsetGet('blade.compiler')
#8 C:\\Users\\javier\\Desktop\\Trabajo\\Porta_folio-12.4\\vendor\\laravel\\framework\\src\\Illuminate\\Support\\Facades\\Facade.php(211): Illuminate\\Support\\Facades\\Facade::resolveFacadeInstance('blade.compiler')
#9 C:\\Users\\javier\\Desktop\\Trabajo\\Porta_folio-12.4\\vendor\\laravel\\framework\\src\\Illuminate\\Support\\Facades\\Facade.php(357): Illuminate\\Support\\Facades\\Facade::getFacadeRoot()
#10 C:\\Users\\javier\\Desktop\\Trabajo\\Porta_folio-12.4\\vendor\\livewire\\livewire\\src\\Mechanisms\\FrontendAssets\\FrontendAssets.php(30): Illuminate\\Support\\Facades\\Facade::__callStatic('directive', Array)
#11 C:\\Users\\javier\\Desktop\\Trabajo\\Porta_folio-12.4\\vendor\\livewire\\livewire\\src\\LivewireServiceProvider.php(77): Livewire\\Mechanisms\\FrontendAssets\\FrontendAssets->boot()
#12 C:\\Users\\javier\\Desktop\\Trabajo\\Porta_folio-12.4\\vendor\\livewire\\livewire\\src\\LivewireServiceProvider.php(19): Livewire\\LivewireServiceProvider->bootMechanisms()
#13 C:\\Users\\javier\\Desktop\\Trabajo\\Porta_folio-12.4\\vendor\\laravel\\framework\\src\\Illuminate\\Container\\BoundMethod.php(36): Livewire\\LivewireServiceProvider->boot()
#14 C:\\Users\\javier\\Desktop\\Trabajo\\Porta_folio-12.4\\vendor\\laravel\\framework\\src\\Illuminate\\Container\\Util.php(43): Illuminate\\Container\\BoundMethod::{closure:Illuminate\\Container\\BoundMethod::call():35}()
#15 C:\\Users\\javier\\Desktop\\Trabajo\\Porta_folio-12.4\\vendor\\laravel\\framework\\src\\Illuminate\\Container\\BoundMethod.php(96): Illuminate\\Container\\Util::unwrapIfClosure(Object(Closure))
#16 C:\\Users\\javier\\Desktop\\Trabajo\\Porta_folio-12.4\\vendor\\laravel\\framework\\src\\Illuminate\\Container\\BoundMethod.php(35): Illuminate\\Container\\BoundMethod::callBoundMethod(Object(Illuminate\\Foundation\\Application), Array, Object(Closure))
#17 C:\\Users\\javier\\Desktop\\Trabajo\\Porta_folio-12.4\\vendor\\laravel\\framework\\src\\Illuminate\\Container\\Container.php(807): Illuminate\\Container\\BoundMethod::call(Object(Illuminate\\Foundation\\Application), Array, Array, NULL)
#18 C:\\Users\\javier\\Desktop\\Trabajo\\Porta_folio-12.4\\vendor\\laravel\\framework\\src\\Illuminate\\Foundation\\Application.php(1151): Illuminate\\Container\\Container->call(Array)
#19 C:\\Users\\javier\\Desktop\\Trabajo\\Porta_folio-12.4\\vendor\\laravel\\framework\\src\\Illuminate\\Foundation\\Application.php(1132): Illuminate\\Foundation\\Application->bootProvider(Object(Livewire\\LivewireServiceProvider))
#20 [internal function]: Illuminate\\Foundation\\Application->{closure:Illuminate\\Foundation\\Application::boot():1131}(Object(Livewire\\LivewireServiceProvider), 'Livewire\\\\Livewi...')
#21 C:\\Users\\javier\\Desktop\\Trabajo\\Porta_folio-12.4\\vendor\\laravel\\framework\\src\\Illuminate\\Foundation\\Application.php(1131): array_walk(Array, Object(Closure))
#22 C:\\Users\\javier\\Desktop\\Trabajo\\Porta_folio-12.4\\vendor\\laravel\\framework\\src\\Illuminate\\Foundation\\Bootstrap\\BootProviders.php(17): Illuminate\\Foundation\\Application->boot()
#23 C:\\Users\\javier\\Desktop\\Trabajo\\Porta_folio-12.4\\vendor\\laravel\\framework\\src\\Illuminate\\Foundation\\Application.php(342): Illuminate\\Foundation\\Bootstrap\\BootProviders->bootstrap(Object(Illuminate\\Foundation\\Application))
#24 C:\\Users\\javier\\Desktop\\Trabajo\\Porta_folio-12.4\\vendor\\laravel\\framework\\src\\Illuminate\\Foundation\\Console\\Kernel.php(473): Illuminate\\Foundation\\Application->bootstrapWith(Array)
#25 C:\\Users\\javier\\Desktop\\Trabajo\\Porta_folio-12.4\\vendor\\laravel\\framework\\src\\Illuminate\\Foundation\\Console\\Kernel.php(195): Illuminate\\Foundation\\Console\\Kernel->bootstrap()
#26 C:\\Users\\javier\\Desktop\\Trabajo\\Porta_folio-12.4\\vendor\\laravel\\framework\\src\\Illuminate\\Foundation\\Application.php(1235): Illuminate\\Foundation\\Console\\Kernel->handle(Object(Symfony\\Component\\Console\\Input\\ArgvInput), Object(Symfony\\Component\\Console\\Output\\ConsoleOutput))
#27 C:\\Users\\javier\\Desktop\\Trabajo\\Porta_folio-12.4\\artisan(16): Illuminate\\Foundation\\Application->handleCommand(Object(Symfony\\Component\\Console\\Input\\ArgvInput))
#28 {main}
"} 
[2025-12-05 12:24:39] producion.ERROR: Please provide a valid cache path. {"exception":"[object] (InvalidArgumentException(code: 0): Please provide a valid cache path. at C:\\Users\\javier\\Desktop\\Trabajo\\Porta_folio-12.4\\vendor\\laravel\\framework\\src\\Illuminate\\View\\Compilers\\Compiler.php:75)
[stacktrace]
#0 C:\\Users\\javier\\Desktop\\Trabajo\\Porta_folio-12.4\\vendor\\laravel\\framework\\src\\Illuminate\\View\\ViewServiceProvider.php(97): Illuminate\\View\\Compilers\\Compiler->__construct(Object(Illuminate\\Filesystem\\Filesystem), false, '', true, 'php', true)
#1 C:\\Users\\javier\\Desktop\\Trabajo\\Porta_folio-12.4\\vendor\\laravel\\framework\\src\\Illuminate\\Container\\Container.php(1125): Illuminate\\View\\ViewServiceProvider->{closure:Illuminate\\View\\ViewServiceProvider::registerBladeCompiler():96}(Object(Illuminate\\Foundation\\Application), Array)
#2 C:\\Users\\javier\\Desktop\\Trabajo\\Porta_folio-12.4\\vendor\\laravel\\framework\\src\\Illuminate\\Container\\Container.php(943): Illuminate\\Container\\Container->build(Object(Closure))
#3 C:\\Users\\javier\\Desktop\\Trabajo\\Porta_folio-12.4\\vendor\\laravel\\framework\\src\\Illuminate\\Foundation\\Application.php(1078): Illuminate\\Container\\Container->resolve('blade.compiler', Array, true)
#4 C:\\Users\\javier\\Desktop\\Trabajo\\Porta_folio-12.4\\vendor\\laravel\\framework\\src\\Illuminate\\Container\\Container.php(874): Illuminate\\Foundation\\Application->resolve('blade.compiler', Array)
#5 C:\\Users\\javier\\Desktop\\Trabajo\\Porta_folio-12.4\\vendor\\laravel\\framework\\src\\Illuminate\\Foundation\\Application.php(1058): Illuminate\\Container\\Container->make('blade.compiler', Array)
#6 C:\\Users\\javier\\Desktop\\Trabajo\\Porta_folio-12.4\\vendor\\laravel\\framework\\src\\Illuminate\\Container\\Container.php(1827): Illuminate\\Foundation\\Application->make('blade.compiler')
#7 C:\\Users\\javier\\Desktop\\Trabajo\\Porta_folio-12.4\\vendor\\laravel\\framework\\src\\Illuminate\\Support\\Facades\\Facade.php(240): Illuminate\\Container\\Container->offsetGet('blade.compiler')
#8 C:\\Users\\javier\\Desktop\\Trabajo\\Porta_folio-12.4\\vendor\\laravel\\framework\\src\\Illuminate\\Support\\Facades\\Facade.php(211): Illuminate\\Support\\Facades\\Facade::resolveFacadeInstance('blade.compiler')
#9 C:\\Users\\javier\\Desktop\\Trabajo\\Porta_folio-12.4\\vendor\\laravel\\framework\\src\\Illuminate\\Support\\Facades\\Facade.php(357): Illuminate\\Support\\Facades\\Facade::getFacadeRoot()
#10 C:\\Users\\javier\\Desktop\\Trabajo\\Porta_folio-12.4\\vendor\\livewire\\livewire\\src\\Mechanisms\\FrontendAssets\\FrontendAssets.php(30): Illuminate\\Support\\Facades\\Facade::__callStatic('directive', Array)
#11 C:\\Users\\javier\\Desktop\\Trabajo\\Porta_folio-12.4\\vendor\\livewire\\livewire\\src\\LivewireServiceProvider.php(77): Livewire\\Mechanisms\\FrontendAssets\\FrontendAssets->boot()
#12 C:\\Users\\javier\\Desktop\\Trabajo\\Porta_folio-12.4\\vendor\\livewire\\livewire\\src\\LivewireServiceProvider.php(19): Livewire\\LivewireServiceProvider->bootMechanisms()
#13 C:\\Users\\javier\\Desktop\\Trabajo\\Porta_folio-12.4\\vendor\\laravel\\framework\\src\\Illuminate\\Container\\BoundMethod.php(36): Livewire\\LivewireServiceProvider->boot()
#14 C:\\Users\\javier\\Desktop\\Trabajo\\Porta_folio-12.4\\vendor\\laravel\\framework\\src\\Illuminate\\Container\\Util.php(43): Illuminate\\Container\\BoundMethod::{closure:Illuminate\\Container\\BoundMethod::call():35}()
#15 C:\\Users\\javier\\Desktop\\Trabajo\\Porta_folio-12.4\\vendor\\laravel\\framework\\src\\Illuminate\\Container\\BoundMethod.php(96): Illuminate\\Container\\Util::unwrapIfClosure(Object(Closure))
#16 C:\\Users\\javier\\Desktop\\Trabajo\\Porta_folio-12.4\\vendor\\laravel\\framework\\src\\Illuminate\\Container\\BoundMethod.php(35): Illuminate\\Container\\BoundMethod::callBoundMethod(Object(Illuminate\\Foundation\\Application), Array, Object(Closure))
#17 C:\\Users\\javier\\Desktop\\Trabajo\\Porta_folio-12.4\\vendor\\laravel\\framework\\src\\Illuminate\\Container\\Container.php(807): Illuminate\\Container\\BoundMethod::call(Object(Illuminate\\Foundation\\Application), Array, Array, NULL)
#18 C:\\Users\\javier\\Desktop\\Trabajo\\Porta_folio-12.4\\vendor\\laravel\\framework\\src\\Illuminate\\Foundation\\Application.php(1151): Illuminate\\Container\\Container->call(Array)
#19 C:\\Users\\javier\\Desktop\\Trabajo\\Porta_folio-12.4\\vendor\\laravel\\framework\\src\\Illuminate\\Foundation\\Application.php(1132): Illuminate\\Foundation\\Application->bootProvider(Object(Livewire\\LivewireServiceProvider))
#20 [internal function]: Illuminate\\Foundation\\Application->{closure:Illuminate\\Foundation\\Application::boot():1131}(Object(Livewire\\LivewireServiceProvider), 'Livewire\\\\Livewi...')
#21 C:\\Users\\javier\\Desktop\\Trabajo\\Porta_folio-12.4\\vendor\\laravel\\framework\\src\\Illuminate\\Foundation\\Application.php(1131): array_walk(Array, Object(Closure))
#22 C:\\Users\\javier\\Desktop\\Trabajo\\Porta_folio-12.4\\vendor\\laravel\\framework\\src\\Illuminate\\Foundation\\Bootstrap\\BootProviders.php(17): Illuminate\\Foundation\\Application->boot()
#23 C:\\Users\\javier\\Desktop\\Trabajo\\Porta_folio-12.4\\vendor\\laravel\\framework\\src\\Illuminate\\Foundation\\Application.php(342): Illuminate\\Foundation\\Bootstrap\\BootProviders->bootstrap(Object(Illuminate\\Foundation\\Application))
#24 C:\\Users\\javier\\Desktop\\Trabajo\\Porta_folio-12.4\\vendor\\laravel\\framework\\src\\Illuminate\\Foundation\\Console\\Kernel.php(473): Illuminate\\Foundation\\Application->bootstrapWith(Array)
#25 C:\\Users\\javier\\Desktop\\Trabajo\\Porta_folio-12.4\\vendor\\laravel\\framework\\src\\Illuminate\\Foundation\\Console\\Kernel.php(195): Illuminate\\Foundation\\Console\\Kernel->bootstrap()
#26 C:\\Users\\javier\\Desktop\\Trabajo\\Porta_folio-12.4\\vendor\\laravel\\framework\\src\\Illuminate\\Foundation\\Application.php(1235): Illuminate\\Foundation\\Console\\Kernel->handle(Object(Symfony\\Component\\Console\\Input\\ArgvInput), Object(Symfony\\Component\\Console\\Output\\ConsoleOutput))
#27 C:\\Users\\javier\\Desktop\\Trabajo\\Porta_folio-12.4\\artisan(16): Illuminate\\Foundation\\Application->handleCommand(Object(Symfony\\Component\\Console\\Input\\ArgvInput))
#28 {main}
"} 
[2025-12-05 12:24:44] producion.ERROR: Please provide a valid cache path. {"exception":"[object] (InvalidArgumentException(code: 0): Please provide a valid cache path. at C:\\Users\\javier\\Desktop\\Trabajo\\Porta_folio-12.4\\vendor\\laravel\\framework\\src\\Illuminate\\View\\Compilers\\Compiler.php:75)
[stacktrace]
#0 C:\\Users\\javier\\Desktop\\Trabajo\\Porta_folio-12.4\\vendor\\laravel\\framework\\src\\Illuminate\\View\\ViewServiceProvider.php(97): Illuminate\\View\\Compilers\\Compiler->__construct(Object(Illuminate\\Filesystem\\Filesystem), false, '', true, 'php', true)
#1 C:\\Users\\javier\\Desktop\\Trabajo\\Porta_folio-12.4\\vendor\\laravel\\framework\\src\\Illuminate\\Container\\Container.php(1125): Illuminate\\View\\ViewServiceProvider->{closure:Illuminate\\View\\ViewServiceProvider::registerBladeCompiler():96}(Object(Illuminate\\Foundation\\Application), Array)
#2 C:\\Users\\javier\\Desktop\\Trabajo\\Porta_folio-12.4\\vendor\\laravel\\framework\\src\\Illuminate\\Container\\Container.php(943): Illuminate\\Container\\Container->build(Object(Closure))
#3 C:\\Users\\javier\\Desktop\\Trabajo\\Porta_folio-12.4\\vendor\\laravel\\framework\\src\\Illuminate\\Foundation\\Application.php(1078): Illuminate\\Container\\Container->resolve('blade.compiler', Array, true)
#4 C:\\Users\\javier\\Desktop\\Trabajo\\Porta_folio-12.4\\vendor\\laravel\\framework\\src\\Illuminate\\Container\\Container.php(874): Illuminate\\Foundation\\Application->resolve('blade.compiler', Array)
#5 C:\\Users\\javier\\Desktop\\Trabajo\\Porta_folio-12.4\\vendor\\laravel\\framework\\src\\Illuminate\\Foundation\\Application.php(1058): Illuminate\\Container\\Container->make('blade.compiler', Array)
#6 C:\\Users\\javier\\Desktop\\Trabajo\\Porta_folio-12.4\\vendor\\laravel\\framework\\src\\Illuminate\\Container\\Container.php(1827): Illuminate\\Foundation\\Application->make('blade.compiler')
#7 C:\\Users\\javier\\Desktop\\Trabajo\\Porta_folio-12.4\\vendor\\laravel\\framework\\src\\Illuminate\\Support\\Facades\\Facade.php(240): Illuminate\\Container\\Container->offsetGet('blade.compiler')
#8 C:\\Users\\javier\\Desktop\\Trabajo\\Porta_folio-12.4\\vendor\\laravel\\framework\\src\\Illuminate\\Support\\Facades\\Facade.php(211): Illuminate\\Support\\Facades\\Facade::resolveFacadeInstance('blade.compiler')
#9 C:\\Users\\javier\\Desktop\\Trabajo\\Porta_folio-12.4\\vendor\\laravel\\framework\\src\\Illuminate\\Support\\Facades\\Facade.php(357): Illuminate\\Support\\Facades\\Facade::getFacadeRoot()
#10 C:\\Users\\javier\\Desktop\\Trabajo\\Porta_folio-12.4\\vendor\\livewire\\livewire\\src\\Mechanisms\\FrontendAssets\\FrontendAssets.php(30): Illuminate\\Support\\Facades\\Facade::__callStatic('directive', Array)
#11 C:\\Users\\javier\\Desktop\\Trabajo\\Porta_folio-12.4\\vendor\\livewire\\livewire\\src\\LivewireServiceProvider.php(77): Livewire\\Mechanisms\\FrontendAssets\\FrontendAssets->boot()
#12 C:\\Users\\javier\\Desktop\\Trabajo\\Porta_folio-12.4\\vendor\\livewire\\livewire\\src\\LivewireServiceProvider.php(19): Livewire\\LivewireServiceProvider->bootMechanisms()
#13 C:\\Users\\javier\\Desktop\\Trabajo\\Porta_folio-12.4\\vendor\\laravel\\framework\\src\\Illuminate\\Container\\BoundMethod.php(36): Livewire\\LivewireServiceProvider->boot()
#14 C:\\Users\\javier\\Desktop\\Trabajo\\Porta_folio-12.4\\vendor\\laravel\\framework\\src\\Illuminate\\Container\\Util.php(43): Illuminate\\Container\\BoundMethod::{closure:Illuminate\\Container\\BoundMethod::call():35}()
#15 C:\\Users\\javier\\Desktop\\Trabajo\\Porta_folio-12.4\\vendor\\laravel\\framework\\src\\Illuminate\\Container\\BoundMethod.php(96): Illuminate\\Container\\Util::unwrapIfClosure(Object(Closure))
#16 C:\\Users\\javier\\Desktop\\Trabajo\\Porta_folio-12.4\\vendor\\laravel\\framework\\src\\Illuminate\\Container\\BoundMethod.php(35): Illuminate\\Container\\BoundMethod::callBoundMethod(Object(Illuminate\\Foundation\\Application), Array, Object(Closure))
#17 C:\\Users\\javier\\Desktop\\Trabajo\\Porta_folio-12.4\\vendor\\laravel\\framework\\src\\Illuminate\\Container\\Container.php(807): Illuminate\\Container\\BoundMethod::call(Object(Illuminate\\Foundation\\Application), Array, Array, NULL)
#18 C:\\Users\\javier\\Desktop\\Trabajo\\Porta_folio-12.4\\vendor\\laravel\\framework\\src\\Illuminate\\Foundation\\Application.php(1151): Illuminate\\Container\\Container->call(Array)
#19 C:\\Users\\javier\\Desktop\\Trabajo\\Porta_folio-12.4\\vendor\\laravel\\framework\\src\\Illuminate\\Foundation\\Application.php(1132): Illuminate\\Foundation\\Application->bootProvider(Object(Livewire\\LivewireServiceProvider))
#20 [internal function]: Illuminate\\Foundation\\Application->{closure:Illuminate\\Foundation\\Application::boot():1131}(Object(Livewire\\LivewireServiceProvider), 'Livewire\\\\Livewi...')
#21 C:\\Users\\javier\\Desktop\\Trabajo\\Porta_folio-12.4\\vendor\\laravel\\framework\\src\\Illuminate\\Foundation\\Application.php(1131): array_walk(Array, Object(Closure))
#22 C:\\Users\\javier\\Desktop\\Trabajo\\Porta_folio-12.4\\vendor\\laravel\\framework\\src\\Illuminate\\Foundation\\Bootstrap\\BootProviders.php(17): Illuminate\\Foundation\\Application->boot()
#23 C:\\Users\\javier\\Desktop\\Trabajo\\Porta_folio-12.4\\vendor\\laravel\\framework\\src\\Illuminate\\Foundation\\Application.php(342): Illuminate\\Foundation\\Bootstrap\\BootProviders->bootstrap(Object(Illuminate\\Foundation\\Application))
#24 C:\\Users\\javier\\Desktop\\Trabajo\\Porta_folio-12.4\\vendor\\laravel\\framework\\src\\Illuminate\\Foundation\\Console\\Kernel.php(473): Illuminate\\Foundation\\Application->bootstrapWith(Array)
#25 C:\\Users\\javier\\Desktop\\Trabajo\\Porta_folio-12.4\\vendor\\laravel\\framework\\src\\Illuminate\\Foundation\\Console\\Kernel.php(195): Illuminate\\Foundation\\Console\\Kernel->bootstrap()
#26 C:\\Users\\javier\\Desktop\\Trabajo\\Porta_folio-12.4\\vendor\\laravel\\framework\\src\\Illuminate\\Foundation\\Application.php(1235): Illuminate\\Foundation\\Console\\Kernel->handle(Object(Symfony\\Component\\Console\\Input\\ArgvInput), Object(Symfony\\Component\\Console\\Output\\ConsoleOutput))
#27 C:\\Users\\javier\\Desktop\\Trabajo\\Porta_folio-12.4\\artisan(16): Illuminate\\Foundation\\Application->handleCommand(Object(Symfony\\Component\\Console\\Input\\ArgvInput))
#28 {main}
"} 
[2025-12-05 12:26:13] producion.ERROR: Please provide a valid cache path. {"exception":"[object] (InvalidArgumentException(code: 0): Please provide a valid cache path. at C:\\Users\\javier\\Desktop\\Trabajo\\Porta_folio-12.4\\vendor\\laravel\\framework\\src\\Illuminate\\View\\Compilers\\Compiler.php:75)
[stacktrace]
#0 C:\\Users\\javier\\Desktop\\Trabajo\\Porta_folio-12.4\\vendor\\laravel\\framework\\src\\Illuminate\\View\\ViewServiceProvider.php(97): Illuminate\\View\\Compilers\\Compiler->__construct(Object(Illuminate\\Filesystem\\Filesystem), false, '', true, 'php', true)
#1 C:\\Users\\javier\\Desktop\\Trabajo\\Porta_folio-12.4\\vendor\\laravel\\framework\\src\\Illuminate\\Container\\Container.php(1125): Illuminate\\View\\ViewServiceProvider->{closure:Illuminate\\View\\ViewServiceProvider::registerBladeCompiler():96}(Object(Illuminate\\Foundation\\Application), Array)
#2 C:\\Users\\javier\\Desktop\\Trabajo\\Porta_folio-12.4\\vendor\\laravel\\framework\\src\\Illuminate\\Container\\Container.php(943): Illuminate\\Container\\Container->build(Object(Closure))
#3 C:\\Users\\javier\\Desktop\\Trabajo\\Porta_folio-12.4\\vendor\\laravel\\framework\\src\\Illuminate\\Foundation\\Application.php(1078): Illuminate\\Container\\Container->resolve('blade.compiler', Array, true)
#4 C:\\Users\\javier\\Desktop\\Trabajo\\Porta_folio-12.4\\vendor\\laravel\\framework\\src\\Illuminate\\Container\\Container.php(874): Illuminate\\Foundation\\Application->resolve('blade.compiler', Array)
#5 C:\\Users\\javier\\Desktop\\Trabajo\\Porta_folio-12.4\\vendor\\laravel\\framework\\src\\Illuminate\\Foundation\\Application.php(1058): Illuminate\\Container\\Container->make('blade.compiler', Array)
#6 C:\\Users\\javier\\Desktop\\Trabajo\\Porta_folio-12.4\\vendor\\laravel\\framework\\src\\Illuminate\\Container\\Container.php(1827): Illuminate\\Foundation\\Application->make('blade.compiler')
#7 C:\\Users\\javier\\Desktop\\Trabajo\\Porta_folio-12.4\\vendor\\laravel\\framework\\src\\Illuminate\\Support\\Facades\\Facade.php(240): Illuminate\\Container\\Container->offsetGet('blade.compiler')
#8 C:\\Users\\javier\\Desktop\\Trabajo\\Porta_folio-12.4\\vendor\\laravel\\framework\\src\\Illuminate\\Support\\Facades\\Facade.php(211): Illuminate\\Support\\Facades\\Facade::resolveFacadeInstance('blade.compiler')
#9 C:\\Users\\javier\\Desktop\\Trabajo\\Porta_folio-12.4\\vendor\\laravel\\framework\\src\\Illuminate\\Support\\Facades\\Facade.php(357): Illuminate\\Support\\Facades\\Facade::getFacadeRoot()
#10 C:\\Users\\javier\\Desktop\\Trabajo\\Porta_folio-12.4\\vendor\\livewire\\livewire\\src\\Mechanisms\\FrontendAssets\\FrontendAssets.php(30): Illuminate\\Support\\Facades\\Facade::__callStatic('directive', Array)
#11 C:\\Users\\javier\\Desktop\\Trabajo\\Porta_folio-12.4\\vendor\\livewire\\livewire\\src\\LivewireServiceProvider.php(77): Livewire\\Mechanisms\\FrontendAssets\\FrontendAssets->boot()
#12 C:\\Users\\javier\\Desktop\\Trabajo\\Porta_folio-12.4\\vendor\\livewire\\livewire\\src\\LivewireServiceProvider.php(19): Livewire\\LivewireServiceProvider->bootMechanisms()
#13 C:\\Users\\javier\\Desktop\\Trabajo\\Porta_folio-12.4\\vendor\\laravel\\framework\\src\\Illuminate\\Container\\BoundMethod.php(36): Livewire\\LivewireServiceProvider->boot()
#14 C:\\Users\\javier\\Desktop\\Trabajo\\Porta_folio-12.4\\vendor\\laravel\\framework\\src\\Illuminate\\Container\\Util.php(43): Illuminate\\Container\\BoundMethod::{closure:Illuminate\\Container\\BoundMethod::call():35}()
#15 C:\\Users\\javier\\Desktop\\Trabajo\\Porta_folio-12.4\\vendor\\laravel\\framework\\src\\Illuminate\\Container\\BoundMethod.php(96): Illuminate\\Container\\Util::unwrapIfClosure(Object(Closure))
#16 C:\\Users\\javier\\Desktop\\Trabajo\\Porta_folio-12.4\\vendor\\laravel\\framework\\src\\Illuminate\\Container\\BoundMethod.php(35): Illuminate\\Container\\BoundMethod::callBoundMethod(Object(Illuminate\\Foundation\\Application), Array, Object(Closure))
#17 C:\\Users\\javier\\Desktop\\Trabajo\\Porta_folio-12.4\\vendor\\laravel\\framework\\src\\Illuminate\\Container\\Container.php(807): Illuminate\\Container\\BoundMethod::call(Object(Illuminate\\Foundation\\Application), Array, Array, NULL)
#18 C:\\Users\\javier\\Desktop\\Trabajo\\Porta_folio-12.4\\vendor\\laravel\\framework\\src\\Illuminate\\Foundation\\Application.php(1151): Illuminate\\Container\\Container->call(Array)
#19 C:\\Users\\javier\\Desktop\\Trabajo\\Porta_folio-12.4\\vendor\\laravel\\framework\\src\\Illuminate\\Foundation\\Application.php(1132): Illuminate\\Foundation\\Application->bootProvider(Object(Livewire\\LivewireServiceProvider))
#20 [internal function]: Illuminate\\Foundation\\Application->{closure:Illuminate\\Foundation\\Application::boot():1131}(Object(Livewire\\LivewireServiceProvider), 'Livewire\\\\Livewi...')
#21 C:\\Users\\javier\\Desktop\\Trabajo\\Porta_folio-12.4\\vendor\\laravel\\framework\\src\\Illuminate\\Foundation\\Application.php(1131): array_walk(Array, Object(Closure))
#22 C:\\Users\\javier\\Desktop\\Trabajo\\Porta_folio-12.4\\vendor\\laravel\\framework\\src\\Illuminate\\Foundation\\Bootstrap\\BootProviders.php(17): Illuminate\\Foundation\\Application->boot()
#23 C:\\Users\\javier\\Desktop\\Trabajo\\Porta_folio-12.4\\vendor\\laravel\\framework\\src\\Illuminate\\Foundation\\Application.php(342): Illuminate\\Foundation\\Bootstrap\\BootProviders->bootstrap(Object(Illuminate\\Foundation\\Application))
#24 C:\\Users\\javier\\Desktop\\Trabajo\\Porta_folio-12.4\\vendor\\laravel\\framework\\src\\Illuminate\\Foundation\\Console\\Kernel.php(473): Illuminate\\Foundation\\Application->bootstrapWith(Array)
#25 C:\\Users\\javier\\Desktop\\Trabajo\\Porta_folio-12.4\\vendor\\laravel\\framework\\src\\Illuminate\\Foundation\\Console\\Kernel.php(195): Illuminate\\Foundation\\Console\\Kernel->bootstrap()
#26 C:\\Users\\javier\\Desktop\\Trabajo\\Porta_folio-12.4\\vendor\\laravel\\framework\\src\\Illuminate\\Foundation\\Application.php(1235): Illuminate\\Foundation\\Console\\Kernel->handle(Object(Symfony\\Component\\Console\\Input\\ArgvInput), Object(Symfony\\Component\\Console\\Output\\ConsoleOutput))
#27 C:\\Users\\javier\\Desktop\\Trabajo\\Porta_folio-12.4\\artisan(16): Illuminate\\Foundation\\Application->handleCommand(Object(Symfony\\Component\\Console\\Input\\ArgvInput))
#28 {main}
"} 
[2025-12-05 12:27:50] local.ERROR: Please provide a valid cache path. {"exception":"[object] (InvalidArgumentException(code: 0): Please provide a valid cache path. at C:\\Users\\javier\\Desktop\\Trabajo\\Porta_folio-12.4\\vendor\\laravel\\framework\\src\\Illuminate\\View\\Compilers\\Compiler.php:75)
[stacktrace]
#0 C:\\Users\\javier\\Desktop\\Trabajo\\Porta_folio-12.4\\vendor\\laravel\\framework\\src\\Illuminate\\View\\ViewServiceProvider.php(97): Illuminate\\View\\Compilers\\Compiler->__construct(Object(Illuminate\\Filesystem\\Filesystem), false, '', true, 'php', true)
#1 C:\\Users\\javier\\Desktop\\Trabajo\\Porta_folio-12.4\\vendor\\laravel\\framework\\src\\Illuminate\\Container\\Container.php(1125): Illuminate\\View\\ViewServiceProvider->{closure:Illuminate\\View\\ViewServiceProvider::registerBladeCompiler():96}(Object(Illuminate\\Foundation\\Application), Array)
#2 C:\\Users\\javier\\Desktop\\Trabajo\\Porta_folio-12.4\\vendor\\laravel\\framework\\src\\Illuminate\\Container\\Container.php(943): Illuminate\\Container\\Container->build(Object(Closure))
#3 C:\\Users\\javier\\Desktop\\Trabajo\\Porta_folio-12.4\\vendor\\laravel\\framework\\src\\Illuminate\\Foundation\\Application.php(1078): Illuminate\\Container\\Container->resolve('blade.compiler', Array, true)
#4 C:\\Users\\javier\\Desktop\\Trabajo\\Porta_folio-12.4\\vendor\\laravel\\framework\\src\\Illuminate\\Container\\Container.php(874): Illuminate\\Foundation\\Application->resolve('blade.compiler', Array)
#5 C:\\Users\\javier\\Desktop\\Trabajo\\Porta_folio-12.4\\vendor\\laravel\\framework\\src\\Illuminate\\Foundation\\Application.php(1058): Illuminate\\Container\\Container->make('blade.compiler', Array)
#6 C:\\Users\\javier\\Desktop\\Trabajo\\Porta_folio-12.4\\vendor\\laravel\\framework\\src\\Illuminate\\Container\\Container.php(1827): Illuminate\\Foundation\\Application->make('blade.compiler')
#7 C:\\Users\\javier\\Desktop\\Trabajo\\Porta_folio-12.4\\vendor\\laravel\\framework\\src\\Illuminate\\Support\\Facades\\Facade.php(240): Illuminate\\Container\\Container->offsetGet('blade.compiler')
#8 C:\\Users\\javier\\Desktop\\Trabajo\\Porta_folio-12.4\\vendor\\laravel\\framework\\src\\Illuminate\\Support\\Facades\\Facade.php(211): Illuminate\\Support\\Facades\\Facade::resolveFacadeInstance('blade.compiler')
#9 C:\\Users\\javier\\Desktop\\Trabajo\\Porta_folio-12.4\\vendor\\laravel\\framework\\src\\Illuminate\\Support\\Facades\\Facade.php(357): Illuminate\\Support\\Facades\\Facade::getFacadeRoot()
#10 C:\\Users\\javier\\Desktop\\Trabajo\\Porta_folio-12.4\\vendor\\livewire\\livewire\\src\\Mechanisms\\FrontendAssets\\FrontendAssets.php(30): Illuminate\\Support\\Facades\\Facade::__callStatic('directive', Array)
#11 C:\\Users\\javier\\Desktop\\Trabajo\\Porta_folio-12.4\\vendor\\livewire\\livewire\\src\\LivewireServiceProvider.php(77): Livewire\\Mechanisms\\FrontendAssets\\FrontendAssets->boot()
#12 C:\\Users\\javier\\Desktop\\Trabajo\\Porta_folio-12.4\\vendor\\livewire\\livewire\\src\\LivewireServiceProvider.php(19): Livewire\\LivewireServiceProvider->bootMechanisms()
#13 C:\\Users\\javier\\Desktop\\Trabajo\\Porta_folio-12.4\\vendor\\laravel\\framework\\src\\Illuminate\\Container\\BoundMethod.php(36): Livewire\\LivewireServiceProvider->boot()
#14 C:\\Users\\javier\\Desktop\\Trabajo\\Porta_folio-12.4\\vendor\\laravel\\framework\\src\\Illuminate\\Container\\Util.php(43): Illuminate\\Container\\BoundMethod::{closure:Illuminate\\Container\\BoundMethod::call():35}()
#15 C:\\Users\\javier\\Desktop\\Trabajo\\Porta_folio-12.4\\vendor\\laravel\\framework\\src\\Illuminate\\Container\\BoundMethod.php(96): Illuminate\\Container\\Util::unwrapIfClosure(Object(Closure))
#16 C:\\Users\\javier\\Desktop\\Trabajo\\Porta_folio-12.4\\vendor\\laravel\\framework\\src\\Illuminate\\Container\\BoundMethod.php(35): Illuminate\\Container\\BoundMethod::callBoundMethod(Object(Illuminate\\Foundation\\Application), Array, Object(Closure))
#17 C:\\Users\\javier\\Desktop\\Trabajo\\Porta_folio-12.4\\vendor\\laravel\\framework\\src\\Illuminate\\Container\\Container.php(807): Illuminate\\Container\\BoundMethod::call(Object(Illuminate\\Foundation\\Application), Array, Array, NULL)
#18 C:\\Users\\javier\\Desktop\\Trabajo\\Porta_folio-12.4\\vendor\\laravel\\framework\\src\\Illuminate\\Foundation\\Application.php(1151): Illuminate\\Container\\Container->call(Array)
#19 C:\\Users\\javier\\Desktop\\Trabajo\\Porta_folio-12.4\\vendor\\laravel\\framework\\src\\Illuminate\\Foundation\\Application.php(1132): Illuminate\\Foundation\\Application->bootProvider(Object(Livewire\\LivewireServiceProvider))
#20 [internal function]: Illuminate\\Foundation\\Application->{closure:Illuminate\\Foundation\\Application::boot():1131}(Object(Livewire\\LivewireServiceProvider), 'Livewire\\\\Livewi...')
#21 C:\\Users\\javier\\Desktop\\Trabajo\\Porta_folio-12.4\\vendor\\laravel\\framework\\src\\Illuminate\\Foundation\\Application.php(1131): array_walk(Array, Object(Closure))
#22 C:\\Users\\javier\\Desktop\\Trabajo\\Porta_folio-12.4\\vendor\\laravel\\framework\\src\\Illuminate\\Foundation\\Bootstrap\\BootProviders.php(17): Illuminate\\Foundation\\Application->boot()
#23 C:\\Users\\javier\\Desktop\\Trabajo\\Porta_folio-12.4\\vendor\\laravel\\framework\\src\\Illuminate\\Foundation\\Application.php(342): Illuminate\\Foundation\\Bootstrap\\BootProviders->bootstrap(Object(Illuminate\\Foundation\\Application))
#24 C:\\Users\\javier\\Desktop\\Trabajo\\Porta_folio-12.4\\vendor\\laravel\\framework\\src\\Illuminate\\Foundation\\Console\\Kernel.php(473): Illuminate\\Foundation\\Application->bootstrapWith(Array)
#25 C:\\Users\\javier\\Desktop\\Trabajo\\Porta_folio-12.4\\vendor\\laravel\\framework\\src\\Illuminate\\Foundation\\Console\\Kernel.php(195): Illuminate\\Foundation\\Console\\Kernel->bootstrap()
#26 C:\\Users\\javier\\Desktop\\Trabajo\\Porta_folio-12.4\\vendor\\laravel\\framework\\src\\Illuminate\\Foundation\\Application.php(1235): Illuminate\\Foundation\\Console\\Kernel->handle(Object(Symfony\\Component\\Console\\Input\\ArgvInput), Object(Symfony\\Component\\Console\\Output\\ConsoleOutput))
#27 C:\\Users\\javier\\Desktop\\Trabajo\\Porta_folio-12.4\\artisan(16): Illuminate\\Foundation\\Application->handleCommand(Object(Symfony\\Component\\Console\\Input\\ArgvInput))
#28 {main}
"} 
[2025-12-05 12:27:56] local.ERROR: Please provide a valid cache path. {"exception":"[object] (InvalidArgumentException(code: 0): Please provide a valid cache path. at C:\\Users\\javier\\Desktop\\Trabajo\\Porta_folio-12.4\\vendor\\laravel\\framework\\src\\Illuminate\\View\\Compilers\\Compiler.php:75)
[stacktrace]
#0 C:\\Users\\javier\\Desktop\\Trabajo\\Porta_folio-12.4\\vendor\\laravel\\framework\\src\\Illuminate\\View\\ViewServiceProvider.php(97): Illuminate\\View\\Compilers\\Compiler->__construct(Object(Illuminate\\Filesystem\\Filesystem), false, '', true, 'php', true)
#1 C:\\Users\\javier\\Desktop\\Trabajo\\Porta_folio-12.4\\vendor\\laravel\\framework\\src\\Illuminate\\Container\\Container.php(1125): Illuminate\\View\\ViewServiceProvider->{closure:Illuminate\\View\\ViewServiceProvider::registerBladeCompiler():96}(Object(Illuminate\\Foundation\\Application), Array)
#2 C:\\Users\\javier\\Desktop\\Trabajo\\Porta_folio-12.4\\vendor\\laravel\\framework\\src\\Illuminate\\Container\\Container.php(943): Illuminate\\Container\\Container->build(Object(Closure))
#3 C:\\Users\\javier\\Desktop\\Trabajo\\Porta_folio-12.4\\vendor\\laravel\\framework\\src\\Illuminate\\Foundation\\Application.php(1078): Illuminate\\Container\\Container->resolve('blade.compiler', Array, true)
#4 C:\\Users\\javier\\Desktop\\Trabajo\\Porta_folio-12.4\\vendor\\laravel\\framework\\src\\Illuminate\\Container\\Container.php(874): Illuminate\\Foundation\\Application->resolve('blade.compiler', Array)
#5 C:\\Users\\javier\\Desktop\\Trabajo\\Porta_folio-12.4\\vendor\\laravel\\framework\\src\\Illuminate\\Foundation\\Application.php(1058): Illuminate\\Container\\Container->make('blade.compiler', Array)
#6 C:\\Users\\javier\\Desktop\\Trabajo\\Porta_folio-12.4\\vendor\\laravel\\framework\\src\\Illuminate\\Container\\Container.php(1827): Illuminate\\Foundation\\Application->make('blade.compiler')
#7 C:\\Users\\javier\\Desktop\\Trabajo\\Porta_folio-12.4\\vendor\\laravel\\framework\\src\\Illuminate\\Support\\Facades\\Facade.php(240): Illuminate\\Container\\Container->offsetGet('blade.compiler')
#8 C:\\Users\\javier\\Desktop\\Trabajo\\Porta_folio-12.4\\vendor\\laravel\\framework\\src\\Illuminate\\Support\\Facades\\Facade.php(211): Illuminate\\Support\\Facades\\Facade::resolveFacadeInstance('blade.compiler')
#9 C:\\Users\\javier\\Desktop\\Trabajo\\Porta_folio-12.4\\vendor\\laravel\\framework\\src\\Illuminate\\Support\\Facades\\Facade.php(357): Illuminate\\Support\\Facades\\Facade::getFacadeRoot()
#10 C:\\Users\\javier\\Desktop\\Trabajo\\Porta_folio-12.4\\vendor\\livewire\\livewire\\src\\Mechanisms\\FrontendAssets\\FrontendAssets.php(30): Illuminate\\Support\\Facades\\Facade::__callStatic('directive', Array)
#11 C:\\Users\\javier\\Desktop\\Trabajo\\Porta_folio-12.4\\vendor\\livewire\\livewire\\src\\LivewireServiceProvider.php(77): Livewire\\Mechanisms\\FrontendAssets\\FrontendAssets->boot()
#12 C:\\Users\\javier\\Desktop\\Trabajo\\Porta_folio-12.4\\vendor\\livewire\\livewire\\src\\LivewireServiceProvider.php(19): Livewire\\LivewireServiceProvider->bootMechanisms()
#13 C:\\Users\\javier\\Desktop\\Trabajo\\Porta_folio-12.4\\vendor\\laravel\\framework\\src\\Illuminate\\Container\\BoundMethod.php(36): Livewire\\LivewireServiceProvider->boot()
#14 C:\\Users\\javier\\Desktop\\Trabajo\\Porta_folio-12.4\\vendor\\laravel\\framework\\src\\Illuminate\\Container\\Util.php(43): Illuminate\\Container\\BoundMethod::{closure:Illuminate\\Container\\BoundMethod::call():35}()
#15 C:\\Users\\javier\\Desktop\\Trabajo\\Porta_folio-12.4\\vendor\\laravel\\framework\\src\\Illuminate\\Container\\BoundMethod.php(96): Illuminate\\Container\\Util::unwrapIfClosure(Object(Closure))
#16 C:\\Users\\javier\\Desktop\\Trabajo\\Porta_folio-12.4\\vendor\\laravel\\framework\\src\\Illuminate\\Container\\BoundMethod.php(35): Illuminate\\Container\\BoundMethod::callBoundMethod(Object(Illuminate\\Foundation\\Application), Array, Object(Closure))
#17 C:\\Users\\javier\\Desktop\\Trabajo\\Porta_folio-12.4\\vendor\\laravel\\framework\\src\\Illuminate\\Container\\Container.php(807): Illuminate\\Container\\BoundMethod::call(Object(Illuminate\\Foundation\\Application), Array, Array, NULL)
#18 C:\\Users\\javier\\Desktop\\Trabajo\\Porta_folio-12.4\\vendor\\laravel\\framework\\src\\Illuminate\\Foundation\\Application.php(1151): Illuminate\\Container\\Container->call(Array)
#19 C:\\Users\\javier\\Desktop\\Trabajo\\Porta_folio-12.4\\vendor\\laravel\\framework\\src\\Illuminate\\Foundation\\Application.php(1132): Illuminate\\Foundation\\Application->bootProvider(Object(Livewire\\LivewireServiceProvider))
#20 [internal function]: Illuminate\\Foundation\\Application->{closure:Illuminate\\Foundation\\Application::boot():1131}(Object(Livewire\\LivewireServiceProvider), 'Livewire\\\\Livewi...')
#21 C:\\Users\\javier\\Desktop\\Trabajo\\Porta_folio-12.4\\vendor\\laravel\\framework\\src\\Illuminate\\Foundation\\Application.php(1131): array_walk(Array, Object(Closure))
#22 C:\\Users\\javier\\Desktop\\Trabajo\\Porta_folio-12.4\\vendor\\laravel\\framework\\src\\Illuminate\\Foundation\\Bootstrap\\BootProviders.php(17): Illuminate\\Foundation\\Application->boot()
#23 C:\\Users\\javier\\Desktop\\Trabajo\\Porta_folio-12.4\\vendor\\laravel\\framework\\src\\Illuminate\\Foundation\\Application.php(342): Illuminate\\Foundation\\Bootstrap\\BootProviders->bootstrap(Object(Illuminate\\Foundation\\Application))
#24 C:\\Users\\javier\\Desktop\\Trabajo\\Porta_folio-12.4\\vendor\\laravel\\framework\\src\\Illuminate\\Foundation\\Console\\Kernel.php(473): Illuminate\\Foundation\\Application->bootstrapWith(Array)
#25 C:\\Users\\javier\\Desktop\\Trabajo\\Porta_folio-12.4\\vendor\\laravel\\framework\\src\\Illuminate\\Foundation\\Console\\Kernel.php(195): Illuminate\\Foundation\\Console\\Kernel->bootstrap()
#26 C:\\Users\\javier\\Desktop\\Trabajo\\Porta_folio-12.4\\vendor\\laravel\\framework\\src\\Illuminate\\Foundation\\Application.php(1235): Illuminate\\Foundation\\Console\\Kernel->handle(Object(Symfony\\Component\\Console\\Input\\ArgvInput), Object(Symfony\\Component\\Console\\Output\\ConsoleOutput))
#27 C:\\Users\\javier\\Desktop\\Trabajo\\Porta_folio-12.4\\artisan(16): Illuminate\\Foundation\\Application->handleCommand(Object(Symfony\\Component\\Console\\Input\\ArgvInput))
#28 {main}
"} 
[2025-12-05 12:27:57] local.ERROR: Please provide a valid cache path. {"exception":"[object] (InvalidArgumentException(code: 0): Please provide a valid cache path. at C:\\Users\\javier\\Desktop\\Trabajo\\Porta_folio-12.4\\vendor\\laravel\\framework\\src\\Illuminate\\View\\Compilers\\Compiler.php:75)
[stacktrace]
#0 C:\\Users\\javier\\Desktop\\Trabajo\\Porta_folio-12.4\\vendor\\laravel\\framework\\src\\Illuminate\\View\\ViewServiceProvider.php(97): Illuminate\\View\\Compilers\\Compiler->__construct(Object(Illuminate\\Filesystem\\Filesystem), false, '', true, 'php', true)
#1 C:\\Users\\javier\\Desktop\\Trabajo\\Porta_folio-12.4\\vendor\\laravel\\framework\\src\\Illuminate\\Container\\Container.php(1125): Illuminate\\View\\ViewServiceProvider->{closure:Illuminate\\View\\ViewServiceProvider::registerBladeCompiler():96}(Object(Illuminate\\Foundation\\Application), Array)
#2 C:\\Users\\javier\\Desktop\\Trabajo\\Porta_folio-12.4\\vendor\\laravel\\framework\\src\\Illuminate\\Container\\Container.php(943): Illuminate\\Container\\Container->build(Object(Closure))
#3 C:\\Users\\javier\\Desktop\\Trabajo\\Porta_folio-12.4\\vendor\\laravel\\framework\\src\\Illuminate\\Foundation\\Application.php(1078): Illuminate\\Container\\Container->resolve('blade.compiler', Array, true)
#4 C:\\Users\\javier\\Desktop\\Trabajo\\Porta_folio-12.4\\vendor\\laravel\\framework\\src\\Illuminate\\Container\\Container.php(874): Illuminate\\Foundation\\Application->resolve('blade.compiler', Array)
#5 C:\\Users\\javier\\Desktop\\Trabajo\\Porta_folio-12.4\\vendor\\laravel\\framework\\src\\Illuminate\\Foundation\\Application.php(1058): Illuminate\\Container\\Container->make('blade.compiler', Array)
#6 C:\\Users\\javier\\Desktop\\Trabajo\\Porta_folio-12.4\\vendor\\laravel\\framework\\src\\Illuminate\\Container\\Container.php(1827): Illuminate\\Foundation\\Application->make('blade.compiler')
#7 C:\\Users\\javier\\Desktop\\Trabajo\\Porta_folio-12.4\\vendor\\laravel\\framework\\src\\Illuminate\\Support\\Facades\\Facade.php(240): Illuminate\\Container\\Container->offsetGet('blade.compiler')
#8 C:\\Users\\javier\\Desktop\\Trabajo\\Porta_folio-12.4\\vendor\\laravel\\framework\\src\\Illuminate\\Support\\Facades\\Facade.php(211): Illuminate\\Support\\Facades\\Facade::resolveFacadeInstance('blade.compiler')
#9 C:\\Users\\javier\\Desktop\\Trabajo\\Porta_folio-12.4\\vendor\\laravel\\framework\\src\\Illuminate\\Support\\Facades\\Facade.php(357): Illuminate\\Support\\Facades\\Facade::getFacadeRoot()
#10 C:\\Users\\javier\\Desktop\\Trabajo\\Porta_folio-12.4\\vendor\\livewire\\livewire\\src\\Mechanisms\\FrontendAssets\\FrontendAssets.php(30): Illuminate\\Support\\Facades\\Facade::__callStatic('directive', Array)
#11 C:\\Users\\javier\\Desktop\\Trabajo\\Porta_folio-12.4\\vendor\\livewire\\livewire\\src\\LivewireServiceProvider.php(77): Livewire\\Mechanisms\\FrontendAssets\\FrontendAssets->boot()
#12 C:\\Users\\javier\\Desktop\\Trabajo\\Porta_folio-12.4\\vendor\\livewire\\livewire\\src\\LivewireServiceProvider.php(19): Livewire\\LivewireServiceProvider->bootMechanisms()
#13 C:\\Users\\javier\\Desktop\\Trabajo\\Porta_folio-12.4\\vendor\\laravel\\framework\\src\\Illuminate\\Container\\BoundMethod.php(36): Livewire\\LivewireServiceProvider->boot()
#14 C:\\Users\\javier\\Desktop\\Trabajo\\Porta_folio-12.4\\vendor\\laravel\\framework\\src\\Illuminate\\Container\\Util.php(43): Illuminate\\Container\\BoundMethod::{closure:Illuminate\\Container\\BoundMethod::call():35}()
#15 C:\\Users\\javier\\Desktop\\Trabajo\\Porta_folio-12.4\\vendor\\laravel\\framework\\src\\Illuminate\\Container\\BoundMethod.php(96): Illuminate\\Container\\Util::unwrapIfClosure(Object(Closure))
#16 C:\\Users\\javier\\Desktop\\Trabajo\\Porta_folio-12.4\\vendor\\laravel\\framework\\src\\Illuminate\\Container\\BoundMethod.php(35): Illuminate\\Container\\BoundMethod::callBoundMethod(Object(Illuminate\\Foundation\\Application), Array, Object(Closure))
#17 C:\\Users\\javier\\Desktop\\Trabajo\\Porta_folio-12.4\\vendor\\laravel\\framework\\src\\Illuminate\\Container\\Container.php(807): Illuminate\\Container\\BoundMethod::call(Object(Illuminate\\Foundation\\Application), Array, Array, NULL)
#18 C:\\Users\\javier\\Desktop\\Trabajo\\Porta_folio-12.4\\vendor\\laravel\\framework\\src\\Illuminate\\Foundation\\Application.php(1151): Illuminate\\Container\\Container->call(Array)
#19 C:\\Users\\javier\\Desktop\\Trabajo\\Porta_folio-12.4\\vendor\\laravel\\framework\\src\\Illuminate\\Foundation\\Application.php(1132): Illuminate\\Foundation\\Application->bootProvider(Object(Livewire\\LivewireServiceProvider))
#20 [internal function]: Illuminate\\Foundation\\Application->{closure:Illuminate\\Foundation\\Application::boot():1131}(Object(Livewire\\LivewireServiceProvider), 'Livewire\\\\Livewi...')
#21 C:\\Users\\javier\\Desktop\\Trabajo\\Porta_folio-12.4\\vendor\\laravel\\framework\\src\\Illuminate\\Foundation\\Application.php(1131): array_walk(Array, Object(Closure))
#22 C:\\Users\\javier\\Desktop\\Trabajo\\Porta_folio-12.4\\vendor\\laravel\\framework\\src\\Illuminate\\Foundation\\Bootstrap\\BootProviders.php(17): Illuminate\\Foundation\\Application->boot()
#23 C:\\Users\\javier\\Desktop\\Trabajo\\Porta_folio-12.4\\vendor\\laravel\\framework\\src\\Illuminate\\Foundation\\Application.php(342): Illuminate\\Foundation\\Bootstrap\\BootProviders->bootstrap(Object(Illuminate\\Foundation\\Application))
#24 C:\\Users\\javier\\Desktop\\Trabajo\\Porta_folio-12.4\\vendor\\laravel\\framework\\src\\Illuminate\\Foundation\\Console\\Kernel.php(473): Illuminate\\Foundation\\Application->bootstrapWith(Array)
#25 C:\\Users\\javier\\Desktop\\Trabajo\\Porta_folio-12.4\\vendor\\laravel\\framework\\src\\Illuminate\\Foundation\\Console\\Kernel.php(195): Illuminate\\Foundation\\Console\\Kernel->bootstrap()
#26 C:\\Users\\javier\\Desktop\\Trabajo\\Porta_folio-12.4\\vendor\\laravel\\framework\\src\\Illuminate\\Foundation\\Application.php(1235): Illuminate\\Foundation\\Console\\Kernel->handle(Object(Symfony\\Component\\Console\\Input\\ArgvInput), Object(Symfony\\Component\\Console\\Output\\ConsoleOutput))
#27 C:\\Users\\javier\\Desktop\\Trabajo\\Porta_folio-12.4\\artisan(16): Illuminate\\Foundation\\Application->handleCommand(Object(Symfony\\Component\\Console\\Input\\ArgvInput))
#28 {main}
"} 
[2025-12-05 12:31:00] local.ERROR: Please provide a valid cache path. {"exception":"[object] (InvalidArgumentException(code: 0): Please provide a valid cache path. at C:\\Users\\javier\\Desktop\\Trabajo\\Porta_folio-12.4\\vendor\\laravel\\framework\\src\\Illuminate\\View\\Compilers\\Compiler.php:75)
[stacktrace]
#0 C:\\Users\\javier\\Desktop\\Trabajo\\Porta_folio-12.4\\vendor\\laravel\\framework\\src\\Illuminate\\View\\ViewServiceProvider.php(97): Illuminate\\View\\Compilers\\Compiler->__construct(Object(Illuminate\\Filesystem\\Filesystem), false, '', true, 'php', true)
#1 C:\\Users\\javier\\Desktop\\Trabajo\\Porta_folio-12.4\\vendor\\laravel\\framework\\src\\Illuminate\\Container\\Container.php(1125): Illuminate\\View\\ViewServiceProvider->{closure:Illuminate\\View\\ViewServiceProvider::registerBladeCompiler():96}(Object(Illuminate\\Foundation\\Application), Array)
#2 C:\\Users\\javier\\Desktop\\Trabajo\\Porta_folio-12.4\\vendor\\laravel\\framework\\src\\Illuminate\\Container\\Container.php(943): Illuminate\\Container\\Container->build(Object(Closure))
#3 C:\\Users\\javier\\Desktop\\Trabajo\\Porta_folio-12.4\\vendor\\laravel\\framework\\src\\Illuminate\\Foundation\\Application.php(1078): Illuminate\\Container\\Container->resolve('blade.compiler', Array, true)
#4 C:\\Users\\javier\\Desktop\\Trabajo\\Porta_folio-12.4\\vendor\\laravel\\framework\\src\\Illuminate\\Container\\Container.php(874): Illuminate\\Foundation\\Application->resolve('blade.compiler', Array)
#5 C:\\Users\\javier\\Desktop\\Trabajo\\Porta_folio-12.4\\vendor\\laravel\\framework\\src\\Illuminate\\Foundation\\Application.php(1058): Illuminate\\Container\\Container->make('blade.compiler', Array)
#6 C:\\Users\\javier\\Desktop\\Trabajo\\Porta_folio-12.4\\vendor\\laravel\\framework\\src\\Illuminate\\Container\\Container.php(1827): Illuminate\\Foundation\\Application->make('blade.compiler')
#7 C:\\Users\\javier\\Desktop\\Trabajo\\Porta_folio-12.4\\vendor\\laravel\\framework\\src\\Illuminate\\Support\\Facades\\Facade.php(240): Illuminate\\Container\\Container->offsetGet('blade.compiler')
#8 C:\\Users\\javier\\Desktop\\Trabajo\\Porta_folio-12.4\\vendor\\laravel\\framework\\src\\Illuminate\\Support\\Facades\\Facade.php(211): Illuminate\\Support\\Facades\\Facade::resolveFacadeInstance('blade.compiler')
#9 C:\\Users\\javier\\Desktop\\Trabajo\\Porta_folio-12.4\\vendor\\laravel\\framework\\src\\Illuminate\\Support\\Facades\\Facade.php(357): Illuminate\\Support\\Facades\\Facade::getFacadeRoot()
#10 C:\\Users\\javier\\Desktop\\Trabajo\\Porta_folio-12.4\\vendor\\livewire\\livewire\\src\\Mechanisms\\FrontendAssets\\FrontendAssets.php(30): Illuminate\\Support\\Facades\\Facade::__callStatic('directive', Array)
#11 C:\\Users\\javier\\Desktop\\Trabajo\\Porta_folio-12.4\\vendor\\livewire\\livewire\\src\\LivewireServiceProvider.php(77): Livewire\\Mechanisms\\FrontendAssets\\FrontendAssets->boot()
#12 C:\\Users\\javier\\Desktop\\Trabajo\\Porta_folio-12.4\\vendor\\livewire\\livewire\\src\\LivewireServiceProvider.php(19): Livewire\\LivewireServiceProvider->bootMechanisms()
#13 C:\\Users\\javier\\Desktop\\Trabajo\\Porta_folio-12.4\\vendor\\laravel\\framework\\src\\Illuminate\\Container\\BoundMethod.php(36): Livewire\\LivewireServiceProvider->boot()
#14 C:\\Users\\javier\\Desktop\\Trabajo\\Porta_folio-12.4\\vendor\\laravel\\framework\\src\\Illuminate\\Container\\Util.php(43): Illuminate\\Container\\BoundMethod::{closure:Illuminate\\Container\\BoundMethod::call():35}()
#15 C:\\Users\\javier\\Desktop\\Trabajo\\Porta_folio-12.4\\vendor\\laravel\\framework\\src\\Illuminate\\Container\\BoundMethod.php(96): Illuminate\\Container\\Util::unwrapIfClosure(Object(Closure))
#16 C:\\Users\\javier\\Desktop\\Trabajo\\Porta_folio-12.4\\vendor\\laravel\\framework\\src\\Illuminate\\Container\\BoundMethod.php(35): Illuminate\\Container\\BoundMethod::callBoundMethod(Object(Illuminate\\Foundation\\Application), Array, Object(Closure))
#17 C:\\Users\\javier\\Desktop\\Trabajo\\Porta_folio-12.4\\vendor\\laravel\\framework\\src\\Illuminate\\Container\\Container.php(807): Illuminate\\Container\\BoundMethod::call(Object(Illuminate\\Foundation\\Application), Array, Array, NULL)
#18 C:\\Users\\javier\\Desktop\\Trabajo\\Porta_folio-12.4\\vendor\\laravel\\framework\\src\\Illuminate\\Foundation\\Application.php(1151): Illuminate\\Container\\Container->call(Array)
#19 C:\\Users\\javier\\Desktop\\Trabajo\\Porta_folio-12.4\\vendor\\laravel\\framework\\src\\Illuminate\\Foundation\\Application.php(1132): Illuminate\\Foundation\\Application->bootProvider(Object(Livewire\\LivewireServiceProvider))
#20 [internal function]: Illuminate\\Foundation\\Application->{closure:Illuminate\\Foundation\\Application::boot():1131}(Object(Livewire\\LivewireServiceProvider), 'Livewire\\\\Livewi...')
#21 C:\\Users\\javier\\Desktop\\Trabajo\\Porta_folio-12.4\\vendor\\laravel\\framework\\src\\Illuminate\\Foundation\\Application.php(1131): array_walk(Array, Object(Closure))
#22 C:\\Users\\javier\\Desktop\\Trabajo\\Porta_folio-12.4\\vendor\\laravel\\framework\\src\\Illuminate\\Foundation\\Bootstrap\\BootProviders.php(17): Illuminate\\Foundation\\Application->boot()
#23 C:\\Users\\javier\\Desktop\\Trabajo\\Porta_folio-12.4\\vendor\\laravel\\framework\\src\\Illuminate\\Foundation\\Application.php(342): Illuminate\\Foundation\\Bootstrap\\BootProviders->bootstrap(Object(Illuminate\\Foundation\\Application))
#24 C:\\Users\\javier\\Desktop\\Trabajo\\Porta_folio-12.4\\vendor\\laravel\\framework\\src\\Illuminate\\Foundation\\Console\\Kernel.php(473): Illuminate\\Foundation\\Application->bootstrapWith(Array)
#25 C:\\Users\\javier\\Desktop\\Trabajo\\Porta_folio-12.4\\vendor\\laravel\\framework\\src\\Illuminate\\Foundation\\Console\\Kernel.php(195): Illuminate\\Foundation\\Console\\Kernel->bootstrap()
#26 C:\\Users\\javier\\Desktop\\Trabajo\\Porta_folio-12.4\\vendor\\laravel\\framework\\src\\Illuminate\\Foundation\\Application.php(1235): Illuminate\\Foundation\\Console\\Kernel->handle(Object(Symfony\\Component\\Console\\Input\\ArgvInput), Object(Symfony\\Component\\Console\\Output\\ConsoleOutput))
#27 C:\\Users\\javier\\Desktop\\Trabajo\\Porta_folio-12.4\\artisan(16): Illuminate\\Foundation\\Application->handleCommand(Object(Symfony\\Component\\Console\\Input\\ArgvInput))
#28 {main}
"} 
[2025-12-05 12:31:02] local.ERROR: Please provide a valid cache path. {"exception":"[object] (InvalidArgumentException(code: 0): Please provide a valid cache path. at C:\\Users\\javier\\Desktop\\Trabajo\\Porta_folio-12.4\\vendor\\laravel\\framework\\src\\Illuminate\\View\\Compilers\\Compiler.php:75)
[stacktrace]
#0 C:\\Users\\javier\\Desktop\\Trabajo\\Porta_folio-12.4\\vendor\\laravel\\framework\\src\\Illuminate\\View\\ViewServiceProvider.php(97): Illuminate\\View\\Compilers\\Compiler->__construct(Object(Illuminate\\Filesystem\\Filesystem), false, '', true, 'php', true)
#1 C:\\Users\\javier\\Desktop\\Trabajo\\Porta_folio-12.4\\vendor\\laravel\\framework\\src\\Illuminate\\Container\\Container.php(1125): Illuminate\\View\\ViewServiceProvider->{closure:Illuminate\\View\\ViewServiceProvider::registerBladeCompiler():96}(Object(Illuminate\\Foundation\\Application), Array)
#2 C:\\Users\\javier\\Desktop\\Trabajo\\Porta_folio-12.4\\vendor\\laravel\\framework\\src\\Illuminate\\Container\\Container.php(943): Illuminate\\Container\\Container->build(Object(Closure))
#3 C:\\Users\\javier\\Desktop\\Trabajo\\Porta_folio-12.4\\vendor\\laravel\\framework\\src\\Illuminate\\Foundation\\Application.php(1078): Illuminate\\Container\\Container->resolve('blade.compiler', Array, true)
#4 C:\\Users\\javier\\Desktop\\Trabajo\\Porta_folio-12.4\\vendor\\laravel\\framework\\src\\Illuminate\\Container\\Container.php(874): Illuminate\\Foundation\\Application->resolve('blade.compiler', Array)
#5 C:\\Users\\javier\\Desktop\\Trabajo\\Porta_folio-12.4\\vendor\\laravel\\framework\\src\\Illuminate\\Foundation\\Application.php(1058): Illuminate\\Container\\Container->make('blade.compiler', Array)
#6 C:\\Users\\javier\\Desktop\\Trabajo\\Porta_folio-12.4\\vendor\\laravel\\framework\\src\\Illuminate\\Container\\Container.php(1827): Illuminate\\Foundation\\Application->make('blade.compiler')
#7 C:\\Users\\javier\\Desktop\\Trabajo\\Porta_folio-12.4\\vendor\\laravel\\framework\\src\\Illuminate\\Support\\Facades\\Facade.php(240): Illuminate\\Container\\Container->offsetGet('blade.compiler')
#8 C:\\Users\\javier\\Desktop\\Trabajo\\Porta_folio-12.4\\vendor\\laravel\\framework\\src\\Illuminate\\Support\\Facades\\Facade.php(211): Illuminate\\Support\\Facades\\Facade::resolveFacadeInstance('blade.compiler')
#9 C:\\Users\\javier\\Desktop\\Trabajo\\Porta_folio-12.4\\vendor\\laravel\\framework\\src\\Illuminate\\Support\\Facades\\Facade.php(357): Illuminate\\Support\\Facades\\Facade::getFacadeRoot()
#10 C:\\Users\\javier\\Desktop\\Trabajo\\Porta_folio-12.4\\vendor\\livewire\\livewire\\src\\Mechanisms\\FrontendAssets\\FrontendAssets.php(30): Illuminate\\Support\\Facades\\Facade::__callStatic('directive', Array)
#11 C:\\Users\\javier\\Desktop\\Trabajo\\Porta_folio-12.4\\vendor\\livewire\\livewire\\src\\LivewireServiceProvider.php(77): Livewire\\Mechanisms\\FrontendAssets\\FrontendAssets->boot()
#12 C:\\Users\\javier\\Desktop\\Trabajo\\Porta_folio-12.4\\vendor\\livewire\\livewire\\src\\LivewireServiceProvider.php(19): Livewire\\LivewireServiceProvider->bootMechanisms()
#13 C:\\Users\\javier\\Desktop\\Trabajo\\Porta_folio-12.4\\vendor\\laravel\\framework\\src\\Illuminate\\Container\\BoundMethod.php(36): Livewire\\LivewireServiceProvider->boot()
#14 C:\\Users\\javier\\Desktop\\Trabajo\\Porta_folio-12.4\\vendor\\laravel\\framework\\src\\Illuminate\\Container\\Util.php(43): Illuminate\\Container\\BoundMethod::{closure:Illuminate\\Container\\BoundMethod::call():35}()
#15 C:\\Users\\javier\\Desktop\\Trabajo\\Porta_folio-12.4\\vendor\\laravel\\framework\\src\\Illuminate\\Container\\BoundMethod.php(96): Illuminate\\Container\\Util::unwrapIfClosure(Object(Closure))
#16 C:\\Users\\javier\\Desktop\\Trabajo\\Porta_folio-12.4\\vendor\\laravel\\framework\\src\\Illuminate\\Container\\BoundMethod.php(35): Illuminate\\Container\\BoundMethod::callBoundMethod(Object(Illuminate\\Foundation\\Application), Array, Object(Closure))
#17 C:\\Users\\javier\\Desktop\\Trabajo\\Porta_folio-12.4\\vendor\\laravel\\framework\\src\\Illuminate\\Container\\Container.php(807): Illuminate\\Container\\BoundMethod::call(Object(Illuminate\\Foundation\\Application), Array, Array, NULL)
#18 C:\\Users\\javier\\Desktop\\Trabajo\\Porta_folio-12.4\\vendor\\laravel\\framework\\src\\Illuminate\\Foundation\\Application.php(1151): Illuminate\\Container\\Container->call(Array)
#19 C:\\Users\\javier\\Desktop\\Trabajo\\Porta_folio-12.4\\vendor\\laravel\\framework\\src\\Illuminate\\Foundation\\Application.php(1132): Illuminate\\Foundation\\Application->bootProvider(Object(Livewire\\LivewireServiceProvider))
#20 [internal function]: Illuminate\\Foundation\\Application->{closure:Illuminate\\Foundation\\Application::boot():1131}(Object(Livewire\\LivewireServiceProvider), 'Livewire\\\\Livewi...')
#21 C:\\Users\\javier\\Desktop\\Trabajo\\Porta_folio-12.4\\vendor\\laravel\\framework\\src\\Illuminate\\Foundation\\Application.php(1131): array_walk(Array, Object(Closure))
#22 C:\\Users\\javier\\Desktop\\Trabajo\\Porta_folio-12.4\\vendor\\laravel\\framework\\src\\Illuminate\\Foundation\\Bootstrap\\BootProviders.php(17): Illuminate\\Foundation\\Application->boot()
#23 C:\\Users\\javier\\Desktop\\Trabajo\\Porta_folio-12.4\\vendor\\laravel\\framework\\src\\Illuminate\\Foundation\\Application.php(342): Illuminate\\Foundation\\Bootstrap\\BootProviders->bootstrap(Object(Illuminate\\Foundation\\Application))
#24 C:\\Users\\javier\\Desktop\\Trabajo\\Porta_folio-12.4\\vendor\\laravel\\framework\\src\\Illuminate\\Foundation\\Console\\Kernel.php(473): Illuminate\\Foundation\\Application->bootstrapWith(Array)
#25 C:\\Users\\javier\\Desktop\\Trabajo\\Porta_folio-12.4\\vendor\\laravel\\framework\\src\\Illuminate\\Foundation\\Console\\Kernel.php(195): Illuminate\\Foundation\\Console\\Kernel->bootstrap()
#26 C:\\Users\\javier\\Desktop\\Trabajo\\Porta_folio-12.4\\vendor\\laravel\\framework\\src\\Illuminate\\Foundation\\Application.php(1235): Illuminate\\Foundation\\Console\\Kernel->handle(Object(Symfony\\Component\\Console\\Input\\ArgvInput), Object(Symfony\\Component\\Console\\Output\\ConsoleOutput))
#27 C:\\Users\\javier\\Desktop\\Trabajo\\Porta_folio-12.4\\artisan(16): Illuminate\\Foundation\\Application->handleCommand(Object(Symfony\\Component\\Console\\Input\\ArgvInput))
#28 {main}
"} 
